<?xml version="1.0" encoding="UTF-8"?>
<!-- Generated by org.testng.reporters.JUnitXMLReporter -->
<testsuite ignored="0" hostname="DESKTOP-IC96NIA" failures="0" tests="4" name="Add Customer Test" time="14.72" errors="0" timestamp="2019-10-14T18:00:33 IST">
  <testcase classname="com.w2a.testcases.AddCustomerTest" name="addCustomerTest" time="5.231"/>
  <testcase classname="com.w2a.testcases.AddCustomerTest" name="addCustomerTest" time="0.019">
    <skipped/>
  </testcase> <!-- addCustomerTest -->
  <testcase classname="com.w2a.testcases.AddCustomerTest" name="addCustomerTest" time="4.554"/>
  <testcase classname="com.w2a.testcases.AddCustomerTest" name="addCustomerTest" time="4.4"/>
</testsuite> <!-- Add Customer Test -->
